2022-03-01 04:40:47,249 INFO org.springframework.boot.StartupInfoLogger [restartedMain] Starting EurekaApplication using Java 17.0.2 on Def4ult with PID 18400 (D:\Luis\Documents\IBM\Spring\proyectos\Proyecto Final Fraudes\Eureka\target\classes started by guich in D:\Luis\Documents\IBM\Spring\proyectos\Proyecto Final Fraudes)
2022-03-01 04:40:47,252 INFO org.springframework.boot.SpringApplication [restartedMain] No active profile set, falling back to 1 default profile: "default"
2022-03-01 04:40:47,281 INFO org.springframework.boot.logging.DeferredLog [restartedMain] Devtools property defaults active! Set 'spring.devtools.add-properties' to 'false' to disable
2022-03-01 04:40:47,281 INFO org.springframework.boot.logging.DeferredLog [restartedMain] For additional web related logging consider setting the 'logging.level.web' property to 'DEBUG'
2022-03-01 04:40:48,032 INFO org.springframework.cloud.context.scope.GenericScope [restartedMain] BeanFactory id=799bc74a-f863-3d6a-b579-30ca3a702ea8
2022-03-01 04:40:48,368 INFO org.springframework.boot.web.embedded.tomcat.TomcatWebServer [restartedMain] Tomcat initialized with port(s): 8761 (http)
2022-03-01 04:40:48,373 INFO org.apache.juli.logging.DirectJDKLog [restartedMain] Initializing ProtocolHandler ["http-nio-8761"]
2022-03-01 04:40:48,373 INFO org.apache.juli.logging.DirectJDKLog [restartedMain] Starting service [Tomcat]
2022-03-01 04:40:48,373 INFO org.apache.juli.logging.DirectJDKLog [restartedMain] Starting Servlet engine: [Apache Tomcat/9.0.58]
2022-03-01 04:40:48,434 INFO org.apache.juli.logging.DirectJDKLog [restartedMain] Initializing Spring embedded WebApplicationContext
2022-03-01 04:40:48,434 INFO org.springframework.boot.web.servlet.context.ServletWebServerApplicationContext [restartedMain] Root WebApplicationContext: initialization completed in 1152 ms
2022-03-01 04:40:48,725 INFO com.sun.jersey.server.impl.application.WebApplicationImpl [restartedMain] Initiating Jersey application, version 'Jersey: 1.19.4 05/24/2017 03:20 PM'
2022-03-01 04:40:48,768 INFO com.netflix.discovery.provider.DiscoveryJerseyProvider [restartedMain] Using JSON encoding codec LegacyJacksonJson
2022-03-01 04:40:48,769 INFO com.netflix.discovery.provider.DiscoveryJerseyProvider [restartedMain] Using JSON decoding codec LegacyJacksonJson
2022-03-01 04:40:48,887 INFO com.netflix.discovery.provider.DiscoveryJerseyProvider [restartedMain] Using XML encoding codec XStreamXml
2022-03-01 04:40:48,887 INFO com.netflix.discovery.provider.DiscoveryJerseyProvider [restartedMain] Using XML decoding codec XStreamXml
2022-03-01 04:40:49,614 INFO org.springframework.boot.devtools.autoconfigure.OptionalLiveReloadServer [restartedMain] LiveReload server is running on port 35729
2022-03-01 04:40:49,717 INFO org.springframework.cloud.netflix.eureka.config.DiscoveryClientOptionalArgsConfiguration [restartedMain] Eureka HTTP Client uses Jersey
2022-03-01 04:40:49,753 WARN org.springframework.cloud.loadbalancer.config.LoadBalancerCacheAutoConfiguration$LoadBalancerCaffeineWarnLogger [restartedMain] Spring Cloud LoadBalancer is currently working with the default cache. While this cache implementation is useful for development and tests, it's recommended to use Caffeine cache in production.You can switch to using Caffeine cache, by adding it and org.springframework.cache.caffeine.CaffeineCacheManager to the classpath.
2022-03-01 04:40:49,764 INFO org.springframework.cloud.netflix.eureka.InstanceInfoFactory [restartedMain] Setting initial instance status as: STARTING
2022-03-01 04:40:49,779 INFO com.netflix.discovery.DiscoveryClient [restartedMain] Initializing Eureka in region us-east-1
2022-03-01 04:40:49,780 INFO com.netflix.discovery.DiscoveryClient [restartedMain] Client configured to neither register nor query for data.
2022-03-01 04:40:49,783 INFO com.netflix.discovery.DiscoveryClient [restartedMain] Discovery Client initialized at timestamp 1646131249782 with initial instances count: 0
2022-03-01 04:40:49,802 INFO com.netflix.eureka.DefaultEurekaServerContext [restartedMain] Initializing ...
2022-03-01 04:40:49,804 INFO com.netflix.eureka.cluster.PeerEurekaNodes [restartedMain] Adding new peer nodes [http://localhost:8761/eureka/]
2022-03-01 04:40:49,896 INFO com.netflix.discovery.provider.DiscoveryJerseyProvider [restartedMain] Using JSON encoding codec LegacyJacksonJson
2022-03-01 04:40:49,896 INFO com.netflix.discovery.provider.DiscoveryJerseyProvider [restartedMain] Using JSON decoding codec LegacyJacksonJson
2022-03-01 04:40:49,896 INFO com.netflix.discovery.provider.DiscoveryJerseyProvider [restartedMain] Using XML encoding codec XStreamXml
2022-03-01 04:40:49,896 INFO com.netflix.discovery.provider.DiscoveryJerseyProvider [restartedMain] Using XML decoding codec XStreamXml
2022-03-01 04:40:50,011 INFO com.netflix.eureka.cluster.PeerEurekaNodes [restartedMain] Replica node URL:  http://localhost:8761/eureka/
2022-03-01 04:40:50,037 INFO com.netflix.eureka.registry.AbstractInstanceRegistry [restartedMain] Finished initializing remote region registries. All known remote regions: []
2022-03-01 04:40:50,042 INFO com.netflix.eureka.DefaultEurekaServerContext [restartedMain] Initialized
2022-03-01 04:40:50,046 INFO org.springframework.boot.actuate.endpoint.web.EndpointLinksResolver [restartedMain] Exposing 1 endpoint(s) beneath base path '/actuator'
2022-03-01 04:40:50,085 INFO org.springframework.cloud.netflix.eureka.serviceregistry.EurekaServiceRegistry [restartedMain] Registering application API-EUREKA-SERVER with eureka with status UP
2022-03-01 04:40:50,087 INFO org.springframework.cloud.netflix.eureka.server.EurekaServerBootstrap [Thread-15] Setting the eureka configuration..
2022-03-01 04:40:50,087 INFO org.apache.juli.logging.DirectJDKLog [restartedMain] Starting ProtocolHandler ["http-nio-8761"]
2022-03-01 04:40:50,092 INFO org.springframework.cloud.netflix.eureka.server.EurekaServerBootstrap [Thread-15] isAws returned false
2022-03-01 04:40:50,093 INFO org.springframework.cloud.netflix.eureka.server.EurekaServerBootstrap [Thread-15] Initialized server context
2022-03-01 04:40:50,093 INFO com.netflix.eureka.registry.PeerAwareInstanceRegistryImpl [Thread-15] Got 1 instances from neighboring DS node
2022-03-01 04:40:50,093 INFO com.netflix.eureka.registry.PeerAwareInstanceRegistryImpl [Thread-15] Renew threshold is: 1
2022-03-01 04:40:50,093 INFO com.netflix.eureka.registry.PeerAwareInstanceRegistryImpl [Thread-15] Changing status to UP
2022-03-01 04:40:50,109 INFO org.springframework.boot.web.embedded.tomcat.TomcatWebServer [restartedMain] Tomcat started on port(s): 8761 (http) with context path ''
2022-03-01 04:40:50,110 INFO org.springframework.cloud.netflix.eureka.serviceregistry.EurekaAutoServiceRegistration [restartedMain] Updating port to 8761
2022-03-01 04:40:50,134 INFO org.springframework.cloud.netflix.eureka.server.EurekaServerInitializerConfiguration [Thread-15] Started Eureka Server
2022-03-01 04:40:50,222 INFO org.springframework.boot.StartupInfoLogger [restartedMain] Started EurekaApplication in 3.347 seconds (JVM running for 4.129)
2022-03-01 04:40:50,297 INFO org.apache.juli.logging.DirectJDKLog [RMI TCP Connection(1)-192.168.56.1] Initializing Spring DispatcherServlet 'dispatcherServlet'
2022-03-01 04:40:50,297 INFO org.springframework.web.servlet.FrameworkServlet [RMI TCP Connection(1)-192.168.56.1] Initializing Servlet 'dispatcherServlet'
2022-03-01 04:40:50,298 INFO org.springframework.web.servlet.FrameworkServlet [RMI TCP Connection(1)-192.168.56.1] Completed initialization in 1 ms
2022-03-01 04:41:05,868 INFO com.netflix.eureka.registry.AbstractInstanceRegistry [http-nio-8761-exec-2] Registered instance API-FRAUDES/api-fraudes:06e791c4fef750a3d3269bccb8c75965 with status UP (replication=false)
2022-03-01 04:41:06,422 INFO com.netflix.eureka.registry.AbstractInstanceRegistry [http-nio-8761-exec-4] Registered instance API-FRAUDES/api-fraudes:06e791c4fef750a3d3269bccb8c75965 with status UP (replication=true)
2022-03-01 04:41:50,094 INFO com.netflix.eureka.registry.AbstractInstanceRegistry$EvictionTask [Eureka-EvictionTimer] Running the evict task with compensationTime 0ms
2022-03-01 04:42:33,351 INFO org.springframework.cloud.netflix.eureka.serviceregistry.EurekaServiceRegistry [SpringApplicationShutdownHook] Unregistering application API-EUREKA-SERVER with eureka with status DOWN
2022-03-01 04:42:33,369 INFO org.springframework.cloud.netflix.eureka.server.EurekaServerBootstrap [SpringApplicationShutdownHook] Shutting down Eureka Server..
2022-03-01 04:42:33,410 INFO com.netflix.eureka.DefaultEurekaServerContext [SpringApplicationShutdownHook] Shutting down ...
2022-03-01 04:42:33,578 INFO com.netflix.eureka.DefaultEurekaServerContext [SpringApplicationShutdownHook] Shut down
2022-03-01 04:42:33,578 INFO org.springframework.cloud.netflix.eureka.server.EurekaServerBootstrap [SpringApplicationShutdownHook] Eureka Service is now shutdown...
2022-03-01 04:42:33,578 INFO com.netflix.eureka.DefaultEurekaServerContext [SpringApplicationShutdownHook] Shutting down ...
2022-03-01 04:42:33,636 INFO com.netflix.eureka.DefaultEurekaServerContext [SpringApplicationShutdownHook] Shut down
2022-03-01 04:42:33,664 INFO com.netflix.discovery.DiscoveryClient [SpringApplicationShutdownHook] Shutting down DiscoveryClient ...
2022-03-01 04:42:33,670 INFO com.netflix.discovery.DiscoveryClient [SpringApplicationShutdownHook] Completed shut down of DiscoveryClient
